=== VDB E2E Benchmark ===
Dataset: /home/zcq/VDB/data/coco_100k
CRC mode: ON (alpha=0.02)

[Phase A] Loading data...
  Images: 100000, Queries: 1000/100000, Dim: 512
  Metadata entries: 100000

[Phase B] Computing brute-force ground truth (top-10)...
  GT progress: 100/1000 (494 ms)
  GT progress: 200/1000 (981 ms)
  GT progress: 300/1000 (1476 ms)
  GT progress: 400/1000 (1978 ms)
  GT progress: 500/1000 (2480 ms)
  GT progress: 600/1000 (2981 ms)
  GT progress: 700/1000 (3482 ms)
  GT progress: 800/1000 (3983 ms)
  GT progress: 900/1000 (4484 ms)
  GT progress: 1000/1000 (4984 ms)
  Brute-force time: 4984.5 ms

[Phase C] Skipped (using pre-built index: /home/zcq/VDB/test/data/COCO100k/index_fkmeans_2048_bits4_eps0.75)
  Index params: eps_ip=0.044179  d_k=1.275294
  Index source: reused  resolved_index_dir=/home/zcq/VDB/test/data/COCO100k/index_fkmeans_2048_bits4_eps0.75

[Phase C.5] CRC calibration from precomputed scores...
  Loaded 1000 queries from /home/zcq/VDB/test/data/COCO100k/index_fkmeans_2048_bits4_eps0.75/crc_scores.bin (nlist=2048, top_k=10)
  CRC calibration done (2299.8 ms, from precomputed scores)
  d_min=1.226733  d_max=1.895893  lamhat=0.770434
  kreg=1  reg_lambda=0.000000
  eval: FNR=0.0065  avg_probed=2017.6  test_size=400
  eval: recall@1=0.9975  @5=0.9940  @10=0.9935

[CRC] Querying 1000 vectors...
  CRC progress: 100/1000
  CRC progress: 200/1000
  CRC progress: 300/1000
  CRC progress: 400/1000
  CRC progress: 500/1000
  CRC progress: 600/1000
  CRC progress: 700/1000
  CRC progress: 800/1000
  CRC progress: 900/1000
  CRC progress: 1000/1000
  CRC: all 1000 queries complete.
  CRC: recall@1=0.9670 @5=0.9618 @10=0.9519
  CRC: avg=1.774 ms  p50=1.786  p95=1.956  p99=2.108
  CRC: io_wait=0.000 ms  cpu=1.774 ms  probe=1.494 ms  rerank_cpu=0.012 ms
  CRC: uring_prep=0.012 ms  uring_submit=0.088 ms  parse_cluster=0.000 ms  fetch_missing=0.010 ms
  CRC: submit_calls=6.6
  CRC: safe_in=0.0  safe_out=7803.1  uncertain=102.5
  CRC: s2_safe_in=0.3  s2_safe_out=615.7  s2_uncertain=102.5
  CRC: false_safeout=0.48  false_safein_upper=0.0  total_safein=296
  CRC: early_stop=1.6%  avg_skipped=194.6  overlap=0.9998

=== Summary ===
  recall@1=0.9670  recall@5=0.9618  recall@10=0.9519
  avg_query=1.774 ms  p50=1.786  p95=1.956  p99=2.108
  build_time=0.0 ms  brute_force=4984.5 ms
  index_source=reused  resolved_index_dir=/home/zcq/VDB/test/data/COCO100k/index_fkmeans_2048_bits4_eps0.75
  loaded_eps_ip=0.044179  loaded_d_k=1.275294
  io_wait=0.000 ms  cpu=1.774 ms  probe=1.494 ms
  clu_mode=full_preload  preload_time=14.768 ms  preload_bytes=120459264
  safe_in=0.0  safe_out=7803.1  uncertain=102.5
  s2_safe_in=0.3  s2_safe_out=615.7  s2_uncertain=102.5
  false_safeout=0.48  false_safein_upper=0.0  total_safein=296
  early_stop=1.6%  avg_skipped=194.6  overlap=0.9998

[Phase F] Writing results to /tmp/profile_e075_anchor_baseline/coco_100k_20260415T190659
  Output: /tmp/profile_e075_anchor_baseline/coco_100k_20260415T190659
